\BOOKMARK [0][-]{chapter*.1}{\376\377\000T\000a\000b\000l\000e\000\040\000d\000e\000s\000\040\000m\000a\000t\000i\000\350\000r\000e\000s}{}% 1
\BOOKMARK [0][-]{chapter.1}{\376\377\000I\000n\000t\000r\000o\000d\000u\000c\000t\000i\000o\000n}{}% 2
\BOOKMARK [0][-]{chapter.2}{\376\377\000L\000e\000\040\000p\000l\000a\000n}{}% 3
\BOOKMARK [1][-]{section.2.1}{\376\377\000L\000'\000o\000r\000g\000a\000n\000i\000s\000m\000e\000\040\000d\000'\000a\000c\000c\000u\000e\000i\000l}{chapter.2}% 4
\BOOKMARK [1][-]{section.2.2}{\376\377\000L\000a\000\040\000o\000u\000\040\000l\000e\000s\000\040\000m\000i\000s\000s\000i\000o\000n\000s}{chapter.2}% 5
\BOOKMARK [1][-]{section.2.3}{\376\377\000L\000e\000\040\000c\000o\000n\000t\000e\000x\000t\000e}{chapter.2}% 6
\BOOKMARK [1][-]{section.2.4}{\376\377\000V\000o\000t\000r\000e\000\040\000c\000o\000n\000t\000r\000i\000b\000u\000t\000i\000o\000n}{chapter.2}% 7
\BOOKMARK [1][-]{section.2.5}{\376\377\000V\000o\000t\000r\000e\000\040\000b\000i\000l\000a\000n}{chapter.2}% 8
\BOOKMARK [0][-]{chapter.3}{\376\377\000L\000a\000\040\000f\000o\000r\000m\000e}{}% 9
\BOOKMARK [1][-]{section.3.1}{\376\377\000T\000y\000p\000o\000g\000r\000a\000p\000h\000i\000e}{chapter.3}% 10
\BOOKMARK [1][-]{section.3.2}{\376\377\000L\000'\000o\000r\000t\000h\000o\000g\000r\000a\000p\000h\000e\000\040\000e\000t\000\040\000l\000a\000\040\000g\000r\000a\000m\000m\000a\000i\000r\000e}{chapter.3}% 11
\BOOKMARK [1][-]{section.3.3}{\376\377\000L\000e\000\040\000s\000t\000y\000l\000e}{chapter.3}% 12
\BOOKMARK [1][-]{section.3.4}{\376\377\000N\000u\000m\000\351\000r\000o\000t\000e\000z}{chapter.3}% 13
\BOOKMARK [1][-]{section.3.5}{\376\377\000L\000e\000s\000\040\000i\000l\000l\000u\000s\000t\000r\000a\000t\000i\000o\000n\000s}{chapter.3}% 14
\BOOKMARK [1][-]{section.3.6}{\376\377\000L\000e\000\040\000n\000i\000v\000e\000a\000u\000\040\000d\000e\000\040\000d\000\351\000t\000a\000i\000l}{chapter.3}% 15
\BOOKMARK [1][-]{section.3.7}{\376\377\000L\000a\000\040\000b\000i\000b\000l\000i\000o\000g\000r\000a\000p\000h\000i\000e}{chapter.3}% 16
\BOOKMARK [0][-]{chapter.4}{\376\377\000C\000o\000n\000c\000l\000u\000s\000i\000o\000n}{}% 17
\BOOKMARK [0][-]{appendix.A}{\376\377\000L\000a\000\040\000s\000o\000u\000t\000e\000n\000a\000n\000c\000e}{}% 18
\BOOKMARK [0][-]{appendix.B}{\376\377\000C\000h\000e\000c\000k\000l\000i\000s\000t\000\040\000p\000o\000u\000r\000\040\000l\000e\000\040\000m\000\351\000m\000o\000i\000r\000e}{}% 19
\BOOKMARK [1][-]{section.B.1}{\376\377\000S\000t\000r\000u\000c\000t\000u\000r\000a\000t\000i\000o\000n\000\040\000d\000u\000\040\000d\000o\000c\000u\000m\000e\000n\000t}{appendix.B}% 20
\BOOKMARK [1][-]{section.B.2}{\376\377\000P\000r\000\351\000s\000e\000n\000t\000a\000t\000i\000o\000n\000\040\000d\000e\000\040\000l\000'\000e\000n\000t\000r\000e\000p\000r\000i\000s\000e}{appendix.B}% 21
\BOOKMARK [1][-]{section.B.3}{\376\377\000P\000r\000\351\000s\000e\000n\000t\000a\000t\000i\000o\000n\000\040\000d\000e\000s\000\040\000m\000i\000s\000s\000i\000o\000n\000s}{appendix.B}% 22
\BOOKMARK [1][-]{section.B.4}{\376\377\000P\000r\000\351\000s\000e\000n\000t\000a\000t\000i\000o\000n\000\040\000d\000u\000\040\000t\000r\000a\000v\000a\000i\000l\000\040\000e\000f\000f\000e\000c\000t\000u\000\351}{appendix.B}% 23
\BOOKMARK [1][-]{section.B.5}{\376\377\000C\000o\000n\000c\000l\000u\000s\000i\000o\000n\000s\000/\000r\000\351\000f\000l\000e\000x\000i\000o\000n\000s}{appendix.B}% 24
\BOOKMARK [1][-]{section.B.6}{\376\377\000E\000x\000p\000r\000e\000s\000s\000i\000o\000n}{appendix.B}% 25
\BOOKMARK [1][-]{section.B.7}{\376\377\000O\000r\000t\000h\000o\000g\000r\000a\000p\000h\000e\000/\000g\000r\000a\000m\000m\000a\000i\000r\000e}{appendix.B}% 26
\BOOKMARK [1][-]{section.B.8}{\376\377\000I\000c\000o\000n\000o\000g\000r\000a\000p\000h\000i\000e}{appendix.B}% 27
\BOOKMARK [1][-]{section.B.9}{\376\377\000B\000i\000b\000l\000i\000o\000g\000r\000a\000p\000h\000i\000e}{appendix.B}% 28
\BOOKMARK [0][-]{appendix.C}{\376\377\000C\000h\000e\000c\000k\000l\000i\000s\000t\000\040\000p\000o\000u\000r\000\040\000l\000a\000\040\000s\000o\000u\000t\000e\000n\000a\000n\000c\000e}{}% 29
\BOOKMARK [1][-]{section.C.1}{\376\377\000S\000t\000r\000u\000c\000t\000u\000r\000a\000t\000i\000o\000n}{appendix.C}% 30
\BOOKMARK [1][-]{section.C.2}{\376\377\000P\000r\000\351\000s\000e\000n\000t\000a\000t\000i\000o\000n\000\040\000d\000u\000\040\000c\000o\000n\000t\000e\000x\000t\000e\000\040\000e\000t\000\040\000d\000e\000s\000\040\000o\000b\000j\000e\000c\000t\000i\000f\000s}{appendix.C}% 31
\BOOKMARK [1][-]{section.C.3}{\376\377\000P\000r\000\351\000s\000e\000n\000t\000a\000t\000i\000o\000n\000\040\000d\000u\000\040\000t\000r\000a\000v\000a\000i\000l\000\040\000r\000\351\000a\000l\000i\000s\000\351}{appendix.C}% 32
\BOOKMARK [1][-]{section.C.4}{\376\377\000B\000i\000l\000a\000n\000,\000\040\000c\000o\000n\000c\000l\000u\000s\000i\000o\000n\000,\000\040\000r\000\351\000f\000l\000e\000x\000i\000o\000n\000s}{appendix.C}% 33
\BOOKMARK [1][-]{section.C.5}{\376\377\000Q\000u\000a\000l\000i\000t\000\351\000\040\000d\000e\000s\000\040\000d\000i\000a\000p\000o\000s}{appendix.C}% 34
\BOOKMARK [1][-]{section.C.6}{\376\377\000G\000e\000s\000t\000i\000o\000n\000\040\000d\000u\000\040\000t\000e\000m\000p\000s}{appendix.C}% 35
\BOOKMARK [1][-]{section.C.7}{\376\377\000\311\000l\000o\000c\000u\000t\000i\000o\000n\000,\000\040\000d\000i\000s\000c\000o\000u\000r\000s\000,\000\040\000p\000o\000s\000t\000u\000r\000e}{appendix.C}% 36
\BOOKMARK [1][-]{section.C.8}{\376\377\000R\000\351\000p\000o\000n\000s\000e\000s\000\040\000a\000u\000x\000\040\000q\000u\000e\000s\000t\000i\000o\000n\000s}{appendix.C}% 37
\BOOKMARK [0][-]{appendix.D}{\376\377\000B\000i\000b\000l\000i\000o\000g\000r\000a\000p\000h\000i\000e}{}% 38
